Rufus x64 v4.5.2180 (Portable)
Windows version: Windows 11 Pro x64 (Build 22631.4169)
Syslinux versions: 4.07/2013-07-25, 6.04/pre1
Grub versions: 0.4.6a, 2.12
System locale ID: 0x0409 (en-US)
Will use default UI locale 0x0409
SetLGP: Successfully set NoDriveTypeAutorun policy to 0x0000009E
Localization set to 'en-US'
Found 517 officially revoked UEFI bootloaders from embedded list
Found 0 additional revoked UEFI bootloaders from this system's SKUSiPolicy.p7b
Found USB 2.0 device 'VendorC ProductCode USB Device' (346D:5678)
NOTE: This device is a USB 3.0 device operating at lower speed...
1 device found
Disk type: Removable, Disk size: 64 GB, Sector size: 512 bytes
Cylinders: 7648, Tracks per cylinder: 255, Sectors per track: 63
Partition type: MBR, NB Partitions: 1
Disk ID: 0xE0E73EE9
Drive has a Zeroed Master Boot Record
Partition 1:
  Type: exFAT (0x07)
  Detected File System: exFAT
  Size: 58.6 GB (62913478656 bytes)
  Start Sector: 2048, Boot: No
Scanning image...
ISO analysis:
  'C:\Users\montu\Downloads\steamdeck-repair-20231127.10-3.5.7.img.bz2' doesn't look like an ISO image
Disk image analysis:
  Image is a compressed bootable disk image
Using image: steamdeck-repair-20231127.10-3.5.7.img.bz2 (2.5 GB)

Format operation started
Requesting disk access...
Will use 'D:' as volume mountpoint
Opened \\.\PhysicalDrive1 for exclusive write access
Requesting logical volume handle...
Writing compressed image:
+++++++++++++++++++++++++++++++++++++++++++++++++++++++++++++++++++++++++++++++++
Opened \\.\PhysicalDrive1 for shared write access

Found USB 2.0 device 'VendorC ProductCode USB Device' (346D:5678)
NOTE: This device is a USB 3.0 device operating at lower speed...
1 device found
Disk type: Removable, Disk size: 64 GB, Sector size: 512 bytes
Cylinders: 7648, Tracks per cylinder: 255, Sectors per track: 63
Partition type: GPT, NB Partitions: 5
Disk GUID: {F12330CB-CFB5-4072-BCA8-36BE0E2287DC}
Max parts: 128, Start Offset: 17408, Usable = 62914525696 bytes
Partition 1:
  Type: EFI System Partition
  Name: 'esp'
  Detected File System: FAT32
  ID: {93FBB59A-36AB-4199-B6D5-26A26172C5F3}
  Size: 64.0 MB (67091456 bytes)
  Start Sector: 34, Attributes: 0x0000000000000000
Partition 2:
  Type: Microsoft Basic Data Partition
  Name: 'efi-A'
  Detected File System: FAT32
  ID: {220A57A9-B146-4398-9765-6DD52B1D9660}
  Size: 128 MB (134217728 bytes)
  Start Sector: 131072, Attributes: 0x0000000000000000
Partition 3:
  Type: Linux Boot Partition (x86-64)
  Name: 'rootfs-A'
  Detected File System: (Unrecognized)
  ID: {EF8BCEC8-202D-4488-91F8-DA5564095C02}
  Size: 5 GB (5368709120 bytes)
  Start Sector: 655360, Attributes: 0x0000000000000000
Partition 4:
  Type: {4D21B016-B534-45C2-A9FB-5C16E091FD2D}
  Name: 'var-A'
  Detected File System: ext4
  ID: {C906AE29-F7E1-4998-B4FB-E346BA4A6E14}
  Size: 256 MB (268435456 bytes)
  Start Sector: 11141120, Attributes: 0x0000000000000000
Partition 5:
  Type: Linux Home Partition
  Name: 'home'
  Detected File System: ext4
  ID: {36792B28-722A-4D66-A980-801888922213}
  Size: 1.6 GB (1771294208 bytes)
  Start Sector: 11665408, Attributes: 0x0000000000000000
Found USB 2.0 device 'VendorC ProductCode USB Device' (346D:5678)
NOTE: This device is a USB 3.0 device operating at lower speed...
1 device found
Disk type: Removable, Disk size: 64 GB, Sector size: 512 bytes
Cylinders: 7648, Tracks per cylinder: 255, Sectors per track: 63
Partition type: GPT, NB Partitions: 5
Disk GUID: {F12330CB-CFB5-4072-BCA8-36BE0E2287DC}
Max parts: 128, Start Offset: 17408, Usable = 62914525696 bytes
Partition 1:
  Type: EFI System Partition
  Name: 'esp'
  Detected File System: FAT32
  ID: {93FBB59A-36AB-4199-B6D5-26A26172C5F3}
  Size: 64.0 MB (67091456 bytes)
  Start Sector: 34, Attributes: 0x0000000000000000
Partition 2:
  Type: Microsoft Basic Data Partition
  Name: 'efi-A'
  Detected File System: FAT32
  ID: {220A57A9-B146-4398-9765-6DD52B1D9660}
  Size: 128 MB (134217728 bytes)
  Start Sector: 131072, Attributes: 0x0000000000000000
Partition 3:
  Type: Linux Boot Partition (x86-64)
  Name: 'rootfs-A'
  Detected File System: (Unrecognized)
  ID: {EF8BCEC8-202D-4488-91F8-DA5564095C02}
  Size: 5 GB (5368709120 bytes)
  Start Sector: 655360, Attributes: 0x0000000000000000
Partition 4:
  Type: {4D21B016-B534-45C2-A9FB-5C16E091FD2D}
  Name: 'var-A'
  Detected File System: ext4
  ID: {C906AE29-F7E1-4998-B4FB-E346BA4A6E14}
  Size: 256 MB (268435456 bytes)
  Start Sector: 11141120, Attributes: 0x0000000000000000
Partition 5:
  Type: Linux Home Partition
  Name: 'home'
  Detected File System: ext4
  ID: {36792B28-722A-4D66-A980-801888922213}
  Size: 1.6 GB (1771294208 bytes)
  Start Sector: 11665408, Attributes: 0x0000000000000000
